# JRE version: OpenJDK Runtime Environment Temurin-21.0.9+10 (21.0.9+10) (build 21.0.9+10-LTS)
# Java VM: OpenJDK 64-Bit Server VM Temurin-21.0.9+10 (21.0.9+10-LTS, mixed mode, sharing, tiered, compressed oops, compressed class ptrs, parallel gc, windows-amd64)
GC Precious Log:
 CardTable entry size: 512
 CPUs: 8 total, 8 available
 Memory: 7379M
 Large Page Support: Disabled
 NUMA Support: Disabled
 Compressed Oops: Enabled (32-bit)
 Alignments: Space 512K, Generation 512K, Heap 2M
 Heap Min Capacity: 100M
 Heap Initial Capacity: 100M
 Heap Max Capacity: 2G
 Pre-touch: Disabled
 Parallel Workers: 8
Heap:
 PSYoungGen      total 5120K, used 3151K [0x00000000d5580000, 0x00000000d5c00000, 0x0000000100000000)
  eden space 4096K, 59% used [0x00000000d5580000,0x00000000d57dc560,0x00000000d5980000)
  from space 1024K, 71% used [0x00000000d5a80000,0x00000000d5b376f8,0x00000000d5b80000)
  to   space 512K, 0% used [0x00000000d5b80000,0x00000000d5b80000,0x00000000d5c00000)
 ParOldGen       total 1235968K, used 1235657K [0x0000000080000000, 0x00000000cb700000, 0x00000000d5580000)
  object space 1235968K, 99% used [0x0000000080000000,0x00000000cb6b2478,0x00000000cb700000)
 Metaspace       used 96604K, committed 98816K, reserved 1179648K
  class space    used 9770K, committed 10752K, reserved 1048576K
GC Heap History (20 events):
Event: 1292.407 GC heap before
{Heap before GC invocations=1689 (full 5):
 PSYoungGen      total 9216K, used 9057K [0x00000000d5580000, 0x00000000d6200000, 0x0000000100000000)
  eden space 5632K, 99% used [0x00000000d5580000,0x00000000d5afffa0,0x00000000d5b00000)
  from space 3584K, 95% used [0x00000000d5b00000,0x00000000d5e58830,0x00000000d5e80000)
  to   space 3584K, 0% used [0x00000000d5e80000,0x00000000d5e80000,0x00000000d6200000)
 ParOldGen       total 1224192K, used 1223728K [0x0000000080000000, 0x00000000cab80000, 0x00000000d5580000)
  object space 1224192K, 99% used [0x0000000080000000,0x00000000cab0c248,0x00000000cab80000)
 Metaspace       used 96583K, committed 98816K, reserved 1179648K
  class space    used 9770K, committed 10752K, reserved 1048576K
}
Event: 1292.413 GC heap after
{Heap after GC invocations=1689 (full 5):
 PSYoungGen      total 8192K, used 3570K [0x00000000d5580000, 0x00000000d6400000, 0x0000000100000000)
  eden space 4608K, 0% used [0x00000000d5580000,0x00000000d5580000,0x00000000d5a00000)
  from space 3584K, 99% used [0x00000000d5e80000,0x00000000d61fc8e0,0x00000000d6200000)
  to   space 4608K, 0% used [0x00000000d5a00000,0x00000000d5a00000,0x00000000d5e80000)
 ParOldGen       total 1224192K, used 1224171K [0x0000000080000000, 0x00000000cab80000, 0x00000000d5580000)
  object space 1224192K, 99% used [0x0000000080000000,0x00000000cab7aee8,0x00000000cab80000)
 Metaspace       used 96583K, committed 98816K, reserved 1179648K
  class space    used 9770K, committed 10752K, reserved 1048576K
}
Event: 1295.799 GC heap before
{Heap before GC invocations=1690 (full 5):
 PSYoungGen      total 8192K, used 8178K [0x00000000d5580000, 0x00000000d6400000, 0x0000000100000000)
  eden space 4608K, 99% used [0x00000000d5580000,0x00000000d59fff78,0x00000000d5a00000)
  from space 3584K, 99% used [0x00000000d5e80000,0x00000000d61fc8e0,0x00000000d6200000)
  to   space 4608K, 0% used [0x00000000d5a00000,0x00000000d5a00000,0x00000000d5e80000)
 ParOldGen       total 1224192K, used 1224171K [0x0000000080000000, 0x00000000cab80000, 0x00000000d5580000)
  object space 1224192K, 99% used [0x0000000080000000,0x00000000cab7aee8,0x00000000cab80000)
 Metaspace       used 96584K, committed 98816K, reserved 1179648K
  class space    used 9770K, committed 10752K, reserved 1048576K
}
Event: 1295.804 GC heap after
{Heap after GC invocations=1690 (full 5):
 PSYoungGen      total 6144K, used 1282K [0x00000000d5580000, 0x00000000d5f00000, 0x0000000100000000)
  eden space 4608K, 0% used [0x00000000d5580000,0x00000000d5580000,0x00000000d5a00000)
  from space 1536K, 83% used [0x00000000d5a00000,0x00000000d5b40830,0x00000000d5b80000)
  to   space 2560K, 0% used [0x00000000d5c80000,0x00000000d5c80000,0x00000000d5f00000)
 ParOldGen       total 1224704K, used 1224435K [0x0000000080000000, 0x00000000cac00000, 0x00000000d5580000)
  object space 1224704K, 99% used [0x0000000080000000,0x00000000cabbcee8,0x00000000cac00000)
 Metaspace       used 96584K, committed 98816K, reserved 1179648K
  class space    used 9770K, committed 10752K, reserved 1048576K
}
Event: 1295.831 GC heap before
{Heap before GC invocations=1691 (full 5):
 PSYoungGen      total 6144K, used 5890K [0x00000000d5580000, 0x00000000d5f00000, 0x0000000100000000)
  eden space 4608K, 100% used [0x00000000d5580000,0x00000000d5a00000,0x00000000d5a00000)
  from space 1536K, 83% used [0x00000000d5a00000,0x00000000d5b40830,0x00000000d5b80000)
  to   space 2560K, 0% used [0x00000000d5c80000,0x00000000d5c80000,0x00000000d5f00000)
 ParOldGen       total 1224704K, used 1224435K [0x0000000080000000, 0x00000000cac00000, 0x00000000d5580000)
  object space 1224704K, 99% used [0x0000000080000000,0x00000000cabbcee8,0x00000000cac00000)
 Metaspace       used 96586K, committed 98816K, reserved 1179648K
  class space    used 9770K, committed 10752K, reserved 1048576K
}
Event: 1295.834 GC heap after
{Heap after GC invocations=1691 (full 5):
 PSYoungGen      total 5120K, used 308K [0x00000000d5580000, 0x00000000d5d00000, 0x0000000100000000)
  eden space 4608K, 0% used [0x00000000d5580000,0x00000000d5580000,0x00000000d5a00000)
  from space 512K, 60% used [0x00000000d5c80000,0x00000000d5ccd200,0x00000000d5d00000)
  to   space 1024K, 0% used [0x00000000d5b00000,0x00000000d5b00000,0x00000000d5c00000)
 ParOldGen       total 1224704K, used 1224507K [0x0000000080000000, 0x00000000cac00000, 0x00000000d5580000)
  object space 1224704K, 99% used [0x0000000080000000,0x00000000cabceee8,0x00000000cac00000)
 Metaspace       used 96586K, committed 98816K, reserved 1179648K
  class space    used 9770K, committed 10752K, reserved 1048576K
}
Event: 1295.848 GC heap before
{Heap before GC invocations=1692 (full 5):
 PSYoungGen      total 5120K, used 4897K [0x00000000d5580000, 0x00000000d5d00000, 0x0000000100000000)
  eden space 4608K, 99% used [0x00000000d5580000,0x00000000d59fb4f8,0x00000000d5a00000)
  from space 512K, 60% used [0x00000000d5c80000,0x00000000d5ccd200,0x00000000d5d00000)
  to   space 1024K, 0% used [0x00000000d5b00000,0x00000000d5b00000,0x00000000d5c00000)
 ParOldGen       total 1224704K, used 1224507K [0x0000000080000000, 0x00000000cac00000, 0x00000000d5580000)
  object space 1224704K, 99% used [0x0000000080000000,0x00000000cabceee8,0x00000000cac00000)
 Metaspace       used 96586K, committed 98816K, reserved 1179648K
  class space    used 9770K, committed 10752K, reserved 1048576K
}
Event: 1295.851 GC heap after
{Heap after GC invocations=1692 (full 5):
 PSYoungGen      total 5632K, used 1012K [0x00000000d5580000, 0x00000000d6200000, 0x0000000100000000)
  eden space 4608K, 0% used [0x00000000d5580000,0x00000000d5580000,0x00000000d5a00000)
  from space 1024K, 98% used [0x00000000d5b00000,0x00000000d5bfd158,0x00000000d5c00000)
  to   space 4096K, 0% used [0x00000000d5e00000,0x00000000d5e00000,0x00000000d6200000)
 ParOldGen       total 1227264K, used 1226995K [0x0000000080000000, 0x00000000cae80000, 0x00000000d5580000)
  object space 1227264K, 99% used [0x0000000080000000,0x00000000cae3ce08,0x00000000cae80000)
 Metaspace       used 96586K, committed 98816K, reserved 1179648K
  class space    used 9770K, committed 10752K, reserved 1048576K
}
Event: 1295.872 GC heap before
{Heap before GC invocations=1693 (full 5):
 PSYoungGen      total 5632K, used 5620K [0x00000000d5580000, 0x00000000d6200000, 0x0000000100000000)
  eden space 4608K, 100% used [0x00000000d5580000,0x00000000d5a00000,0x00000000d5a00000)
  from space 1024K, 98% used [0x00000000d5b00000,0x00000000d5bfd158,0x00000000d5c00000)
  to   space 4096K, 0% used [0x00000000d5e00000,0x00000000d5e00000,0x00000000d6200000)
 ParOldGen       total 1227264K, used 1226995K [0x0000000080000000, 0x00000000cae80000, 0x00000000d5580000)
  object space 1227264K, 99% used [0x0000000080000000,0x00000000cae3ce08,0x00000000cae80000)
 Metaspace       used 96586K, committed 98816K, reserved 1179648K
  class space    used 9770K, committed 10752K, reserved 1048576K
}
Event: 1295.875 GC heap after
{Heap after GC invocations=1693 (full 5):
 PSYoungGen      total 8192K, used 3978K [0x00000000d5580000, 0x00000000d6300000, 0x0000000100000000)
  eden space 4096K, 0% used [0x00000000d5580000,0x00000000d5580000,0x00000000d5980000)
  from space 4096K, 97% used [0x00000000d5e00000,0x00000000d61e28b8,0x00000000d6200000)
  to   space 4608K, 0% used [0x00000000d5980000,0x00000000d5980000,0x00000000d5e00000)
 ParOldGen       total 1228288K, used 1228017K [0x0000000080000000, 0x00000000caf80000, 0x00000000d5580000)
  object space 1228288K, 99% used [0x0000000080000000,0x00000000caf3c600,0x00000000caf80000)
 Metaspace       used 96586K, committed 98816K, reserved 1179648K
  class space    used 9770K, committed 10752K, reserved 1048576K
}
Event: 1295.919 GC heap before
{Heap before GC invocations=1694 (full 5):
 PSYoungGen      total 8192K, used 8074K [0x00000000d5580000, 0x00000000d6300000, 0x0000000100000000)
  eden space 4096K, 100% used [0x00000000d5580000,0x00000000d5980000,0x00000000d5980000)
  from space 4096K, 97% used [0x00000000d5e00000,0x00000000d61e28b8,0x00000000d6200000)
  to   space 4608K, 0% used [0x00000000d5980000,0x00000000d5980000,0x00000000d5e00000)
 ParOldGen       total 1228288K, used 1228017K [0x0000000080000000, 0x00000000caf80000, 0x00000000d5580000)
  object space 1228288K, 99% used [0x0000000080000000,0x00000000caf3c600,0x00000000caf80000)
 Metaspace       used 96591K, committed 98816K, reserved 1179648K
  class space    used 9770K, committed 10752K, reserved 1048576K
}
Event: 1295.923 GC heap after
{Heap after GC invocations=1694 (full 5):
 PSYoungGen      total 5632K, used 1280K [0x00000000d5580000, 0x00000000d5e80000, 0x0000000100000000)
  eden space 4096K, 0% used [0x00000000d5580000,0x00000000d5580000,0x00000000d5980000)
  from space 1536K, 83% used [0x00000000d5980000,0x00000000d5ac0000,0x00000000d5b00000)
  to   space 2560K, 0% used [0x00000000d5c00000,0x00000000d5c00000,0x00000000d5e80000)
 ParOldGen       total 1231872K, used 1231803K [0x0000000080000000, 0x00000000cb300000, 0x00000000d5580000)
  object space 1231872K, 99% used [0x0000000080000000,0x00000000cb2eed58,0x00000000cb300000)
 Metaspace       used 96591K, committed 98816K, reserved 1179648K
  class space    used 9770K, committed 10752K, reserved 1048576K
}
Event: 1295.935 GC heap before
{Heap before GC invocations=1695 (full 5):
 PSYoungGen      total 5632K, used 5376K [0x00000000d5580000, 0x00000000d5e80000, 0x0000000100000000)
  eden space 4096K, 100% used [0x00000000d5580000,0x00000000d5980000,0x00000000d5980000)
  from space 1536K, 83% used [0x00000000d5980000,0x00000000d5ac0000,0x00000000d5b00000)
  to   space 2560K, 0% used [0x00000000d5c00000,0x00000000d5c00000,0x00000000d5e80000)
 ParOldGen       total 1231872K, used 1231803K [0x0000000080000000, 0x00000000cb300000, 0x00000000d5580000)
  object space 1231872K, 99% used [0x0000000080000000,0x00000000cb2eed58,0x00000000cb300000)
 Metaspace       used 96591K, committed 98816K, reserved 1179648K
  class space    used 9770K, committed 10752K, reserved 1048576K
}
Event: 1295.938 GC heap after
{Heap after GC invocations=1695 (full 5):
 PSYoungGen      total 5120K, used 837K [0x00000000d5580000, 0x00000000d5d00000, 0x0000000100000000)
  eden space 4096K, 0% used [0x00000000d5580000,0x00000000d5580000,0x00000000d5980000)
  from space 1024K, 81% used [0x00000000d5c00000,0x00000000d5cd14d8,0x00000000d5d00000)
  to   space 1536K, 0% used [0x00000000d5a00000,0x00000000d5a00000,0x00000000d5b80000)
 ParOldGen       total 1233408K, used 1232966K [0x0000000080000000, 0x00000000cb480000, 0x00000000d5580000)
  object space 1233408K, 99% used [0x0000000080000000,0x00000000cb411aa8,0x00000000cb480000)
 Metaspace       used 96591K, committed 98816K, reserved 1179648K
  class space    used 9770K, committed 10752K, reserved 1048576K
}
Event: 1295.951 GC heap before
{Heap before GC invocations=1696 (full 5):
 PSYoungGen      total 5120K, used 4933K [0x00000000d5580000, 0x00000000d5d00000, 0x0000000100000000)
  eden space 4096K, 100% used [0x00000000d5580000,0x00000000d5980000,0x00000000d5980000)
  from space 1024K, 81% used [0x00000000d5c00000,0x00000000d5cd14d8,0x00000000d5d00000)
  to   space 1536K, 0% used [0x00000000d5a00000,0x00000000d5a00000,0x00000000d5b80000)
 ParOldGen       total 1233408K, used 1232966K [0x0000000080000000, 0x00000000cb480000, 0x00000000d5580000)
  object space 1233408K, 99% used [0x0000000080000000,0x00000000cb411aa8,0x00000000cb480000)
 Metaspace       used 96591K, committed 98816K, reserved 1179648K
  class space    used 9770K, committed 10752K, reserved 1048576K
}
Event: 1295.956 GC heap after
{Heap after GC invocations=1696 (full 5):
 PSYoungGen      total 5632K, used 512K [0x00000000d5580000, 0x00000000d5c80000, 0x0000000100000000)
  eden space 4096K, 0% used [0x00000000d5580000,0x00000000d5580000,0x00000000d5980000)
  from space 1536K, 33% used [0x00000000d5a00000,0x00000000d5a80000,0x00000000d5b80000)
  to   space 1024K, 0% used [0x00000000d5b80000,0x00000000d5b80000,0x00000000d5c80000)
 ParOldGen       total 1233920K, used 1233422K [0x0000000080000000, 0x00000000cb500000, 0x00000000d5580000)
  object space 1233920K, 99% used [0x0000000080000000,0x00000000cb483ac8,0x00000000cb500000)
 Metaspace       used 96591K, committed 98816K, reserved 1179648K
  class space    used 9770K, committed 10752K, reserved 1048576K
}
Event: 1296.423 GC heap before
{Heap before GC invocations=1697 (full 5):
 PSYoungGen      total 5632K, used 4287K [0x00000000d5580000, 0x00000000d5c80000, 0x0000000100000000)
  eden space 4096K, 92% used [0x00000000d5580000,0x00000000d592fff0,0x00000000d5980000)
  from space 1536K, 33% used [0x00000000d5a00000,0x00000000d5a80000,0x00000000d5b80000)
  to   space 1024K, 0% used [0x00000000d5b80000,0x00000000d5b80000,0x00000000d5c80000)
 ParOldGen       total 1233920K, used 1233422K [0x0000000080000000, 0x00000000cb500000, 0x00000000d5580000)
  object space 1233920K, 99% used [0x0000000080000000,0x00000000cb483ac8,0x00000000cb500000)
 Metaspace       used 96591K, committed 98816K, reserved 1179648K
  class space    used 9770K, committed 10752K, reserved 1048576K
}
Event: 1296.428 GC heap after
{Heap after GC invocations=1697 (full 5):
 PSYoungGen      total 5120K, used 785K [0x00000000d5580000, 0x00000000d5c80000, 0x0000000100000000)
  eden space 4096K, 0% used [0x00000000d5580000,0x00000000d5580000,0x00000000d5980000)
  from space 1024K, 76% used [0x00000000d5b80000,0x00000000d5c447f0,0x00000000d5c80000)
  to   space 1024K, 0% used [0x00000000d5a80000,0x00000000d5a80000,0x00000000d5b80000)
 ParOldGen       total 1235968K, used 1235413K [0x0000000080000000, 0x00000000cb700000, 0x00000000d5580000)
  object space 1235968K, 99% used [0x0000000080000000,0x00000000cb675468,0x00000000cb700000)
 Metaspace       used 96591K, committed 98816K, reserved 1179648K
  class space    used 9770K, committed 10752K, reserved 1048576K
}
Event: 1378.791 GC heap before
{Heap before GC invocations=1698 (full 5):
 PSYoungGen      total 5120K, used 4881K [0x00000000d5580000, 0x00000000d5c80000, 0x0000000100000000)
  eden space 4096K, 100% used [0x00000000d5580000,0x00000000d5980000,0x00000000d5980000)
  from space 1024K, 76% used [0x00000000d5b80000,0x00000000d5c447f0,0x00000000d5c80000)
  to   space 1024K, 0% used [0x00000000d5a80000,0x00000000d5a80000,0x00000000d5b80000)
 ParOldGen       total 1235968K, used 1235413K [0x0000000080000000, 0x00000000cb700000, 0x00000000d5580000)
  object space 1235968K, 99% used [0x0000000080000000,0x00000000cb675468,0x00000000cb700000)
 Metaspace       used 96595K, committed 98816K, reserved 1179648K
  class space    used 9770K, committed 10752K, reserved 1048576K
}
Event: 1378.796 GC heap after
{Heap after GC invocations=1698 (full 5):
 PSYoungGen      total 5120K, used 733K [0x00000000d5580000, 0x00000000d5c00000, 0x0000000100000000)
  eden space 4096K, 0% used [0x00000000d5580000,0x00000000d5580000,0x00000000d5980000)
  from space 1024K, 71% used [0x00000000d5a80000,0x00000000d5b376f8,0x00000000d5b80000)
  to   space 512K, 0% used [0x00000000d5b80000,0x00000000d5b80000,0x00000000d5c00000)
 ParOldGen       total 1235968K, used 1235657K [0x0000000080000000, 0x00000000cb700000, 0x00000000d5580000)
  object space 1235968K, 99% used [0x0000000080000000,0x00000000cb6b2478,0x00000000cb700000)
 Metaspace       used 96595K, committed 98816K, reserved 1179648K
  class space    used 9770K, committed 10752K, reserved 1048576K
}

