# JRE version: OpenJDK Runtime Environment Temurin-21.0.9+10 (21.0.9+10) (build 21.0.9+10-LTS)
# Java VM: OpenJDK 64-Bit Server VM Temurin-21.0.9+10 (21.0.9+10-LTS, mixed mode, sharing, tiered, compressed oops, compressed class ptrs, parallel gc, windows-amd64)
GC Precious Log:
 CardTable entry size: 512
 CPUs: 8 total, 8 available
 Memory: 7379M
 Large Page Support: Disabled
 NUMA Support: Disabled
 Compressed Oops: Enabled (32-bit)
 Alignments: Space 512K, Generation 512K, Heap 2M
 Heap Min Capacity: 100M
 Heap Initial Capacity: 100M
 Heap Max Capacity: 2G
 Pre-touch: Disabled
 Parallel Workers: 8
Heap:
 PSYoungGen      total 9216K, used 9213K [0x00000000d5580000, 0x00000000d6280000, 0x0000000100000000)
  eden space 6144K, 100% used [0x00000000d5580000,0x00000000d5b80000,0x00000000d5b80000)
  from space 3072K, 99% used [0x00000000d5f80000,0x00000000d627f4a8,0x00000000d6280000)
  to   space 3584K, 34% used [0x00000000d5c00000,0x00000000d5d394d8,0x00000000d5f80000)
 ParOldGen       total 711680K, used 711672K [0x0000000080000000, 0x00000000ab700000, 0x00000000d5580000)
  object space 711680K, 99% used [0x0000000080000000,0x00000000ab6fe2a0,0x00000000ab700000)
 Metaspace       used 92040K, committed 93760K, reserved 1179648K
  class space    used 9589K, committed 10304K, reserved 1048576K
GC Heap History (20 events):
Event: 2892.136 GC heap after
{Heap after GC invocations=909 (full 4):
 PSYoungGen      total 4608K, used 1536K [0x00000000d5580000, 0x00000000d5e80000, 0x0000000100000000)
  eden space 3072K, 0% used [0x00000000d5580000,0x00000000d5580000,0x00000000d5880000)
  from space 1536K, 100% used [0x00000000d5880000,0x00000000d5a00000,0x00000000d5a00000)
  to   space 3072K, 0% used [0x00000000d5b80000,0x00000000d5b80000,0x00000000d5e80000)
 ParOldGen       total 683008K, used 682825K [0x0000000080000000, 0x00000000a9b00000, 0x00000000d5580000)
  object space 683008K, 99% used [0x0000000080000000,0x00000000a9ad2720,0x00000000a9b00000)
 Metaspace       used 91967K, committed 93696K, reserved 1179648K
  class space    used 9584K, committed 10304K, reserved 1048576K
}
Event: 2892.144 GC heap before
{Heap before GC invocations=910 (full 4):
 PSYoungGen      total 4608K, used 4608K [0x00000000d5580000, 0x00000000d5e80000, 0x0000000100000000)
  eden space 3072K, 100% used [0x00000000d5580000,0x00000000d5880000,0x00000000d5880000)
  from space 1536K, 100% used [0x00000000d5880000,0x00000000d5a00000,0x00000000d5a00000)
  to   space 3072K, 0% used [0x00000000d5b80000,0x00000000d5b80000,0x00000000d5e80000)
 ParOldGen       total 683008K, used 682825K [0x0000000080000000, 0x00000000a9b00000, 0x00000000d5580000)
  object space 683008K, 99% used [0x0000000080000000,0x00000000a9ad2720,0x00000000a9b00000)
 Metaspace       used 91967K, committed 93696K, reserved 1179648K
  class space    used 9584K, committed 10304K, reserved 1048576K
}
Event: 2892.148 GC heap after
{Heap after GC invocations=910 (full 4):
 PSYoungGen      total 6144K, used 2688K [0x00000000d5580000, 0x00000000d5f80000, 0x0000000100000000)
  eden space 3072K, 0% used [0x00000000d5580000,0x00000000d5580000,0x00000000d5880000)
  from space 3072K, 87% used [0x00000000d5b80000,0x00000000d5e20000,0x00000000d5e80000)
  to   space 3072K, 0% used [0x00000000d5880000,0x00000000d5880000,0x00000000d5b80000)
 ParOldGen       total 684544K, used 684361K [0x0000000080000000, 0x00000000a9c80000, 0x00000000d5580000)
  object space 684544K, 99% used [0x0000000080000000,0x00000000a9c52720,0x00000000a9c80000)
 Metaspace       used 91967K, committed 93696K, reserved 1179648K
  class space    used 9584K, committed 10304K, reserved 1048576K
}
Event: 2892.155 GC heap before
{Heap before GC invocations=911 (full 4):
 PSYoungGen      total 6144K, used 5760K [0x00000000d5580000, 0x00000000d5f80000, 0x0000000100000000)
  eden space 3072K, 100% used [0x00000000d5580000,0x00000000d5880000,0x00000000d5880000)
  from space 3072K, 87% used [0x00000000d5b80000,0x00000000d5e20000,0x00000000d5e80000)
  to   space 3072K, 0% used [0x00000000d5880000,0x00000000d5880000,0x00000000d5b80000)
 ParOldGen       total 684544K, used 684361K [0x0000000080000000, 0x00000000a9c80000, 0x00000000d5580000)
  object space 684544K, 99% used [0x0000000080000000,0x00000000a9c52720,0x00000000a9c80000)
 Metaspace       used 91967K, committed 93696K, reserved 1179648K
  class space    used 9584K, committed 10304K, reserved 1048576K
}
Event: 2892.160 GC heap after
{Heap after GC invocations=911 (full 4):
 PSYoungGen      total 6144K, used 2176K [0x00000000d5580000, 0x00000000d5e80000, 0x0000000100000000)
  eden space 3072K, 0% used [0x00000000d5580000,0x00000000d5580000,0x00000000d5880000)
  from space 3072K, 70% used [0x00000000d5880000,0x00000000d5aa0000,0x00000000d5b80000)
  to   space 2560K, 0% used [0x00000000d5c00000,0x00000000d5c00000,0x00000000d5e80000)
 ParOldGen       total 687104K, used 686937K [0x0000000080000000, 0x00000000a9f00000, 0x00000000d5580000)
  object space 687104K, 99% used [0x0000000080000000,0x00000000a9ed6720,0x00000000a9f00000)
 Metaspace       used 91967K, committed 93696K, reserved 1179648K
  class space    used 9584K, committed 10304K, reserved 1048576K
}
Event: 2892.169 GC heap before
{Heap before GC invocations=912 (full 4):
 PSYoungGen      total 6144K, used 5248K [0x00000000d5580000, 0x00000000d5e80000, 0x0000000100000000)
  eden space 3072K, 100% used [0x00000000d5580000,0x00000000d5880000,0x00000000d5880000)
  from space 3072K, 70% used [0x00000000d5880000,0x00000000d5aa0000,0x00000000d5b80000)
  to   space 2560K, 0% used [0x00000000d5c00000,0x00000000d5c00000,0x00000000d5e80000)
 ParOldGen       total 687104K, used 686937K [0x0000000080000000, 0x00000000a9f00000, 0x00000000d5580000)
  object space 687104K, 99% used [0x0000000080000000,0x00000000a9ed6720,0x00000000a9f00000)
 Metaspace       used 91969K, committed 93696K, reserved 1179648K
  class space    used 9584K, committed 10304K, reserved 1048576K
}
Event: 2892.176 GC heap after
{Heap after GC invocations=912 (full 4):
 PSYoungGen      total 6656K, used 2322K [0x00000000d5580000, 0x00000000d5e80000, 0x0000000100000000)
  eden space 4096K, 0% used [0x00000000d5580000,0x00000000d5580000,0x00000000d5980000)
  from space 2560K, 90% used [0x00000000d5c00000,0x00000000d5e44ab0,0x00000000d5e80000)
  to   space 2560K, 0% used [0x00000000d5980000,0x00000000d5980000,0x00000000d5c00000)
 ParOldGen       total 689152K, used 688998K [0x0000000080000000, 0x00000000aa100000, 0x00000000d5580000)
  object space 689152K, 99% used [0x0000000080000000,0x00000000aa0d9a30,0x00000000aa100000)
 Metaspace       used 91969K, committed 93696K, reserved 1179648K
  class space    used 9584K, committed 10304K, reserved 1048576K
}
Event: 2892.183 GC heap before
{Heap before GC invocations=913 (full 4):
 PSYoungGen      total 6656K, used 6418K [0x00000000d5580000, 0x00000000d5e80000, 0x0000000100000000)
  eden space 4096K, 100% used [0x00000000d5580000,0x00000000d5980000,0x00000000d5980000)
  from space 2560K, 90% used [0x00000000d5c00000,0x00000000d5e44ab0,0x00000000d5e80000)
  to   space 2560K, 0% used [0x00000000d5980000,0x00000000d5980000,0x00000000d5c00000)
 ParOldGen       total 689152K, used 688998K [0x0000000080000000, 0x00000000aa100000, 0x00000000d5580000)
  object space 689152K, 99% used [0x0000000080000000,0x00000000aa0d9a30,0x00000000aa100000)
 Metaspace       used 91973K, committed 93696K, reserved 1179648K
  class space    used 9585K, committed 10304K, reserved 1048576K
}
Event: 2892.188 GC heap after
{Heap after GC invocations=913 (full 4):
 PSYoungGen      total 6656K, used 2560K [0x00000000d5580000, 0x00000000d6580000, 0x0000000100000000)
  eden space 4096K, 0% used [0x00000000d5580000,0x00000000d5580000,0x00000000d5980000)
  from space 2560K, 100% used [0x00000000d5980000,0x00000000d5c00000,0x00000000d5c00000)
  to   space 5632K, 0% used [0x00000000d6000000,0x00000000d6000000,0x00000000d6580000)
 ParOldGen       total 691200K, used 691175K [0x0000000080000000, 0x00000000aa300000, 0x00000000d5580000)
  object space 691200K, 99% used [0x0000000080000000,0x00000000aa2f9f90,0x00000000aa300000)
 Metaspace       used 91973K, committed 93696K, reserved 1179648K
  class space    used 9585K, committed 10304K, reserved 1048576K
}
Event: 2892.198 GC heap before
{Heap before GC invocations=914 (full 4):
 PSYoungGen      total 6656K, used 6656K [0x00000000d5580000, 0x00000000d6580000, 0x0000000100000000)
  eden space 4096K, 100% used [0x00000000d5580000,0x00000000d5980000,0x00000000d5980000)
  from space 2560K, 100% used [0x00000000d5980000,0x00000000d5c00000,0x00000000d5c00000)
  to   space 5632K, 0% used [0x00000000d6000000,0x00000000d6000000,0x00000000d6580000)
 ParOldGen       total 691200K, used 691175K [0x0000000080000000, 0x00000000aa300000, 0x00000000d5580000)
  object space 691200K, 99% used [0x0000000080000000,0x00000000aa2f9f90,0x00000000aa300000)
 Metaspace       used 91973K, committed 93696K, reserved 1179648K
  class space    used 9585K, committed 10304K, reserved 1048576K
}
Event: 2892.204 GC heap after
{Heap after GC invocations=914 (full 4):
 PSYoungGen      total 8192K, used 2912K [0x00000000d5580000, 0x00000000d6300000, 0x0000000100000000)
  eden space 5120K, 0% used [0x00000000d5580000,0x00000000d5580000,0x00000000d5a80000)
  from space 3072K, 94% used [0x00000000d6000000,0x00000000d62d8000,0x00000000d6300000)
  to   space 3584K, 0% used [0x00000000d5c00000,0x00000000d5c00000,0x00000000d5f80000)
 ParOldGen       total 693760K, used 693635K [0x0000000080000000, 0x00000000aa580000, 0x00000000d5580000)
  object space 693760K, 99% used [0x0000000080000000,0x00000000aa560fa0,0x00000000aa580000)
 Metaspace       used 91973K, committed 93696K, reserved 1179648K
  class space    used 9585K, committed 10304K, reserved 1048576K
}
Event: 2892.245 GC heap before
{Heap before GC invocations=915 (full 4):
 PSYoungGen      total 8192K, used 8032K [0x00000000d5580000, 0x00000000d6300000, 0x0000000100000000)
  eden space 5120K, 100% used [0x00000000d5580000,0x00000000d5a80000,0x00000000d5a80000)
  from space 3072K, 94% used [0x00000000d6000000,0x00000000d62d8000,0x00000000d6300000)
  to   space 3584K, 0% used [0x00000000d5c00000,0x00000000d5c00000,0x00000000d5f80000)
 ParOldGen       total 693760K, used 693635K [0x0000000080000000, 0x00000000aa580000, 0x00000000d5580000)
  object space 693760K, 99% used [0x0000000080000000,0x00000000aa560fa0,0x00000000aa580000)
 Metaspace       used 91981K, committed 93696K, reserved 1179648K
  class space    used 9585K, committed 10304K, reserved 1048576K
}
Event: 2892.250 GC heap after
{Heap after GC invocations=915 (full 4):
 PSYoungGen      total 9728K, used 3096K [0x00000000d5580000, 0x00000000d6280000, 0x0000000100000000)
  eden space 6144K, 0% used [0x00000000d5580000,0x00000000d5580000,0x00000000d5b80000)
  from space 3584K, 86% used [0x00000000d5c00000,0x00000000d5f06000,0x00000000d5f80000)
  to   space 3072K, 0% used [0x00000000d5f80000,0x00000000d5f80000,0x00000000d6280000)
 ParOldGen       total 696832K, used 696427K [0x0000000080000000, 0x00000000aa880000, 0x00000000d5580000)
  object space 696832K, 99% used [0x0000000080000000,0x00000000aa81afa0,0x00000000aa880000)
 Metaspace       used 91981K, committed 93696K, reserved 1179648K
  class space    used 9585K, committed 10304K, reserved 1048576K
}
Event: 2892.360 GC heap before
{Heap before GC invocations=916 (full 4):
 PSYoungGen      total 9728K, used 9221K [0x00000000d5580000, 0x00000000d6280000, 0x0000000100000000)
  eden space 6144K, 99% used [0x00000000d5580000,0x00000000d5b7b7a8,0x00000000d5b80000)
  from space 3584K, 86% used [0x00000000d5c00000,0x00000000d5f06000,0x00000000d5f80000)
  to   space 3072K, 0% used [0x00000000d5f80000,0x00000000d5f80000,0x00000000d6280000)
 ParOldGen       total 696832K, used 696427K [0x0000000080000000, 0x00000000aa880000, 0x00000000d5580000)
  object space 696832K, 99% used [0x0000000080000000,0x00000000aa81afa0,0x00000000aa880000)
 Metaspace       used 91987K, committed 93696K, reserved 1179648K
  class space    used 9585K, committed 10304K, reserved 1048576K
}
Event: 2894.371 GC heap after
{Heap after GC invocations=916 (full 4):
 PSYoungGen      total 9216K, used 3067K [0x00000000d5580000, 0x00000000d6280000, 0x0000000100000000)
  eden space 6144K, 0% used [0x00000000d5580000,0x00000000d5580000,0x00000000d5b80000)
  from space 3072K, 99% used [0x00000000d5f80000,0x00000000d627ee40,0x00000000d6280000)
  to   space 3584K, 0% used [0x00000000d5c00000,0x00000000d5c00000,0x00000000d5f80000)
 ParOldGen       total 700416K, used 700359K [0x0000000080000000, 0x00000000aac00000, 0x00000000d5580000)
  object space 700416K, 99% used [0x0000000080000000,0x00000000aabf1d48,0x00000000aac00000)
 Metaspace       used 91987K, committed 93696K, reserved 1179648K
  class space    used 9585K, committed 10304K, reserved 1048576K
}
Event: 2894.421 GC heap before
{Heap before GC invocations=917 (full 4):
 PSYoungGen      total 9216K, used 9211K [0x00000000d5580000, 0x00000000d6280000, 0x0000000100000000)
  eden space 6144K, 100% used [0x00000000d5580000,0x00000000d5b80000,0x00000000d5b80000)
  from space 3072K, 99% used [0x00000000d5f80000,0x00000000d627ee40,0x00000000d6280000)
  to   space 3584K, 0% used [0x00000000d5c00000,0x00000000d5c00000,0x00000000d5f80000)
 ParOldGen       total 700416K, used 700359K [0x0000000080000000, 0x00000000aac00000, 0x00000000d5580000)
  object space 700416K, 99% used [0x0000000080000000,0x00000000aabf1d48,0x00000000aac00000)
 Metaspace       used 92036K, committed 93760K, reserved 1179648K
  class space    used 9589K, committed 10304K, reserved 1048576K
}
Event: 2896.430 GC heap after
{Heap after GC invocations=917 (full 4):
 PSYoungGen      total 9728K, used 3562K [0x00000000d5580000, 0x00000000d6280000, 0x0000000100000000)
  eden space 6144K, 0% used [0x00000000d5580000,0x00000000d5580000,0x00000000d5b80000)
  from space 3584K, 99% used [0x00000000d5c00000,0x00000000d5f7aaa8,0x00000000d5f80000)
  to   space 3072K, 0% used [0x00000000d5f80000,0x00000000d5f80000,0x00000000d6280000)
 ParOldGen       total 705536K, used 704598K [0x0000000080000000, 0x00000000ab100000, 0x00000000d5580000)
  object space 705536K, 99% used [0x0000000080000000,0x00000000ab015bc0,0x00000000ab100000)
 Metaspace       used 92036K, committed 93760K, reserved 1179648K
  class space    used 9589K, committed 10304K, reserved 1048576K
}
Event: 2896.467 GC heap before
{Heap before GC invocations=918 (full 4):
 PSYoungGen      total 9728K, used 9706K [0x00000000d5580000, 0x00000000d6280000, 0x0000000100000000)
  eden space 6144K, 100% used [0x00000000d5580000,0x00000000d5b80000,0x00000000d5b80000)
  from space 3584K, 99% used [0x00000000d5c00000,0x00000000d5f7aaa8,0x00000000d5f80000)
  to   space 3072K, 0% used [0x00000000d5f80000,0x00000000d5f80000,0x00000000d6280000)
 ParOldGen       total 705536K, used 704598K [0x0000000080000000, 0x00000000ab100000, 0x00000000d5580000)
  object space 705536K, 99% used [0x0000000080000000,0x00000000ab015bc0,0x00000000ab100000)
 Metaspace       used 92036K, committed 93760K, reserved 1179648K
  class space    used 9589K, committed 10304K, reserved 1048576K
}
Event: 2898.473 GC heap after
{Heap after GC invocations=918 (full 4):
 PSYoungGen      total 9216K, used 3069K [0x00000000d5580000, 0x00000000d6280000, 0x0000000100000000)
  eden space 6144K, 0% used [0x00000000d5580000,0x00000000d5580000,0x00000000d5b80000)
  from space 3072K, 99% used [0x00000000d5f80000,0x00000000d627f4a8,0x00000000d6280000)
  to   space 3584K, 0% used [0x00000000d5c00000,0x00000000d5c00000,0x00000000d5f80000)
 ParOldGen       total 710656K, used 710614K [0x0000000080000000, 0x00000000ab600000, 0x00000000d5580000)
  object space 710656K, 99% used [0x0000000080000000,0x00000000ab5f5838,0x00000000ab600000)
 Metaspace       used 92036K, committed 93760K, reserved 1179648K
  class space    used 9589K, committed 10304K, reserved 1048576K
}
Event: 2898.487 GC heap before
{Heap before GC invocations=919 (full 4):
 PSYoungGen      total 9216K, used 9213K [0x00000000d5580000, 0x00000000d6280000, 0x0000000100000000)
  eden space 6144K, 100% used [0x00000000d5580000,0x00000000d5b80000,0x00000000d5b80000)
  from space 3072K, 99% used [0x00000000d5f80000,0x00000000d627f4a8,0x00000000d6280000)
  to   space 3584K, 0% used [0x00000000d5c00000,0x00000000d5c00000,0x00000000d5f80000)
 ParOldGen       total 710656K, used 710614K [0x0000000080000000, 0x00000000ab600000, 0x00000000d5580000)
  object space 710656K, 99% used [0x0000000080000000,0x00000000ab5f5838,0x00000000ab600000)
 Metaspace       used 92040K, committed 93760K, reserved 1179648K
  class space    used 9589K, committed 10304K, reserved 1048576K
}

