# JRE version: OpenJDK Runtime Environment Temurin-21.0.9+10 (21.0.9+10) (build 21.0.9+10-LTS)
# Java VM: OpenJDK 64-Bit Server VM Temurin-21.0.9+10 (21.0.9+10-LTS, mixed mode, sharing, tiered, compressed oops, compressed class ptrs, parallel gc, windows-amd64)
GC Precious Log:
 CardTable entry size: 512
 CPUs: 8 total, 8 available
 Memory: 7379M
 Large Page Support: Disabled
 NUMA Support: Disabled
 Compressed Oops: Enabled (32-bit)
 Alignments: Space 512K, Generation 512K, Heap 2M
 Heap Min Capacity: 100M
 Heap Initial Capacity: 100M
 Heap Max Capacity: 2G
 Pre-touch: Disabled
 Parallel Workers: 8
Heap:
 PSYoungGen      total 14848K, used 14630K [0x00000000d5580000, 0x00000000d7000000, 0x0000000100000000)
  eden space 10240K, 100% used [0x00000000d5580000,0x00000000d5f80000,0x00000000d5f80000)
  from space 4608K, 95% used [0x00000000d6b80000,0x00000000d6fc9b00,0x00000000d7000000)
  to   space 6656K, 0% used [0x00000000d6300000,0x00000000d6300000,0x00000000d6980000)
 ParOldGen       total 1323520K, used 1322809K [0x0000000080000000, 0x00000000d0c80000, 0x00000000d5580000)
  object space 1323520K, 99% used [0x0000000080000000,0x00000000d0bce6b0,0x00000000d0c80000)
 Metaspace       used 94886K, committed 96640K, reserved 1179648K
  class space    used 9314K, committed 10048K, reserved 1048576K
GC Heap History (20 events):
Event: 68503.497 GC heap before
{Heap before GC invocations=5627 (full 11):
 PSYoungGen      total 11776K, used 11776K [0x00000000d5580000, 0x00000000d6880000, 0x0000000100000000)
  eden space 10752K, 100% used [0x00000000d5580000,0x00000000d6000000,0x00000000d6000000)
  from space 1024K, 100% used [0x00000000d6780000,0x00000000d6880000,0x00000000d6880000)
  to   space 2560K, 0% used [0x00000000d6380000,0x00000000d6380000,0x00000000d6600000)
 ParOldGen       total 1264128K, used 1263897K [0x0000000080000000, 0x00000000cd280000, 0x00000000d5580000)
  object space 1264128K, 99% used [0x0000000080000000,0x00000000cd246690,0x00000000cd280000)
 Metaspace       used 94850K, committed 96640K, reserved 1179648K
  class space    used 9312K, committed 10048K, reserved 1048576K
}
Event: 68503.519 GC heap after
{Heap after GC invocations=5627 (full 11):
 PSYoungGen      total 13312K, used 1080K [0x00000000d5580000, 0x00000000d6800000, 0x0000000100000000)
  eden space 10752K, 0% used [0x00000000d5580000,0x00000000d5580000,0x00000000d6000000)
  from space 2560K, 42% used [0x00000000d6380000,0x00000000d648e1d0,0x00000000d6600000)
  to   space 1536K, 0% used [0x00000000d6680000,0x00000000d6680000,0x00000000d6800000)
 ParOldGen       total 1265152K, used 1264785K [0x0000000080000000, 0x00000000cd380000, 0x00000000d5580000)
  object space 1265152K, 99% used [0x0000000080000000,0x00000000cd324420,0x00000000cd380000)
 Metaspace       used 94850K, committed 96640K, reserved 1179648K
  class space    used 9312K, committed 10048K, reserved 1048576K
}
Event: 68503.560 GC heap before
{Heap before GC invocations=5628 (full 11):
 PSYoungGen      total 13312K, used 11828K [0x00000000d5580000, 0x00000000d6800000, 0x0000000100000000)
  eden space 10752K, 99% used [0x00000000d5580000,0x00000000d5ffee78,0x00000000d6000000)
  from space 2560K, 42% used [0x00000000d6380000,0x00000000d648e1d0,0x00000000d6600000)
  to   space 1536K, 0% used [0x00000000d6680000,0x00000000d6680000,0x00000000d6800000)
 ParOldGen       total 1265152K, used 1264785K [0x0000000080000000, 0x00000000cd380000, 0x00000000d5580000)
  object space 1265152K, 99% used [0x0000000080000000,0x00000000cd324420,0x00000000cd380000)
 Metaspace       used 94854K, committed 96640K, reserved 1179648K
  class space    used 9312K, committed 10048K, reserved 1048576K
}
Event: 68503.565 GC heap after
{Heap after GC invocations=5628 (full 11):
 PSYoungGen      total 12288K, used 1530K [0x00000000d5580000, 0x00000000d6800000, 0x0000000100000000)
  eden space 10752K, 0% used [0x00000000d5580000,0x00000000d5580000,0x00000000d6000000)
  from space 1536K, 99% used [0x00000000d6680000,0x00000000d67fe920,0x00000000d6800000)
  to   space 3072K, 0% used [0x00000000d6200000,0x00000000d6200000,0x00000000d6500000)
 ParOldGen       total 1266176K, used 1265879K [0x0000000080000000, 0x00000000cd480000, 0x00000000d5580000)
  object space 1266176K, 99% used [0x0000000080000000,0x00000000cd435e30,0x00000000cd480000)
 Metaspace       used 94854K, committed 96640K, reserved 1179648K
  class space    used 9312K, committed 10048K, reserved 1048576K
}
Event: 68503.589 GC heap before
{Heap before GC invocations=5629 (full 11):
 PSYoungGen      total 12288K, used 12282K [0x00000000d5580000, 0x00000000d6800000, 0x0000000100000000)
  eden space 10752K, 100% used [0x00000000d5580000,0x00000000d6000000,0x00000000d6000000)
  from space 1536K, 99% used [0x00000000d6680000,0x00000000d67fe920,0x00000000d6800000)
  to   space 3072K, 0% used [0x00000000d6200000,0x00000000d6200000,0x00000000d6500000)
 ParOldGen       total 1266176K, used 1265879K [0x0000000080000000, 0x00000000cd480000, 0x00000000d5580000)
  object space 1266176K, 99% used [0x0000000080000000,0x00000000cd435e30,0x00000000cd480000)
 Metaspace       used 94879K, committed 96640K, reserved 1179648K
  class space    used 9314K, committed 10048K, reserved 1048576K
}
Event: 68503.595 GC heap after
{Heap after GC invocations=5629 (full 11):
 PSYoungGen      total 13824K, used 1440K [0x00000000d5580000, 0x00000000d6700000, 0x0000000100000000)
  eden space 10752K, 0% used [0x00000000d5580000,0x00000000d5580000,0x00000000d6000000)
  from space 3072K, 46% used [0x00000000d6200000,0x00000000d6368020,0x00000000d6500000)
  to   space 2048K, 0% used [0x00000000d6500000,0x00000000d6500000,0x00000000d6700000)
 ParOldGen       total 1267712K, used 1267393K [0x0000000080000000, 0x00000000cd600000, 0x00000000d5580000)
  object space 1267712K, 99% used [0x0000000080000000,0x00000000cd5b0560,0x00000000cd600000)
 Metaspace       used 94879K, committed 96640K, reserved 1179648K
  class space    used 9314K, committed 10048K, reserved 1048576K
}
Event: 68503.980 GC heap before
{Heap before GC invocations=5630 (full 11):
 PSYoungGen      total 13824K, used 12192K [0x00000000d5580000, 0x00000000d6700000, 0x0000000100000000)
  eden space 10752K, 100% used [0x00000000d5580000,0x00000000d6000000,0x00000000d6000000)
  from space 3072K, 46% used [0x00000000d6200000,0x00000000d6368020,0x00000000d6500000)
  to   space 2048K, 0% used [0x00000000d6500000,0x00000000d6500000,0x00000000d6700000)
 ParOldGen       total 1267712K, used 1267393K [0x0000000080000000, 0x00000000cd600000, 0x00000000d5580000)
  object space 1267712K, 99% used [0x0000000080000000,0x00000000cd5b0560,0x00000000cd600000)
 Metaspace       used 94884K, committed 96640K, reserved 1179648K
  class space    used 9314K, committed 10048K, reserved 1048576K
}
Event: 68503.985 GC heap after
{Heap after GC invocations=5630 (full 11):
 PSYoungGen      total 11264K, used 249K [0x00000000d5580000, 0x00000000d6580000, 0x0000000100000000)
  eden space 10752K, 0% used [0x00000000d5580000,0x00000000d5580000,0x00000000d6000000)
  from space 512K, 48% used [0x00000000d6500000,0x00000000d653e7e0,0x00000000d6580000)
  to   space 1024K, 0% used [0x00000000d6380000,0x00000000d6380000,0x00000000d6480000)
 ParOldGen       total 1269248K, used 1268756K [0x0000000080000000, 0x00000000cd780000, 0x00000000d5580000)
  object space 1269248K, 99% used [0x0000000080000000,0x00000000cd705020,0x00000000cd780000)
 Metaspace       used 94884K, committed 96640K, reserved 1179648K
  class space    used 9314K, committed 10048K, reserved 1048576K
}
Event: 68504.062 GC heap before
{Heap before GC invocations=5631 (full 11):
 PSYoungGen      total 11264K, used 11001K [0x00000000d5580000, 0x00000000d6580000, 0x0000000100000000)
  eden space 10752K, 100% used [0x00000000d5580000,0x00000000d6000000,0x00000000d6000000)
  from space 512K, 48% used [0x00000000d6500000,0x00000000d653e7e0,0x00000000d6580000)
  to   space 1024K, 0% used [0x00000000d6380000,0x00000000d6380000,0x00000000d6480000)
 ParOldGen       total 1269248K, used 1268756K [0x0000000080000000, 0x00000000cd780000, 0x00000000d5580000)
  object space 1269248K, 99% used [0x0000000080000000,0x00000000cd705020,0x00000000cd780000)
 Metaspace       used 94885K, committed 96640K, reserved 1179648K
  class space    used 9314K, committed 10048K, reserved 1048576K
}
Event: 68504.072 GC heap after
{Heap after GC invocations=5631 (full 11):
 PSYoungGen      total 11776K, used 997K [0x00000000d5580000, 0x00000000d7300000, 0x0000000100000000)
  eden space 10752K, 0% used [0x00000000d5580000,0x00000000d5580000,0x00000000d6000000)
  from space 1024K, 97% used [0x00000000d6380000,0x00000000d64794d8,0x00000000d6480000)
  to   space 9728K, 0% used [0x00000000d6980000,0x00000000d6980000,0x00000000d7300000)
 ParOldGen       total 1275904K, used 1275731K [0x0000000080000000, 0x00000000cde00000, 0x00000000d5580000)
  object space 1275904K, 99% used [0x0000000080000000,0x00000000cddd4cd8,0x00000000cde00000)
 Metaspace       used 94885K, committed 96640K, reserved 1179648K
  class space    used 9314K, committed 10048K, reserved 1048576K
}
Event: 68504.132 GC heap before
{Heap before GC invocations=5632 (full 11):
 PSYoungGen      total 11776K, used 11749K [0x00000000d5580000, 0x00000000d7300000, 0x0000000100000000)
  eden space 10752K, 100% used [0x00000000d5580000,0x00000000d6000000,0x00000000d6000000)
  from space 1024K, 97% used [0x00000000d6380000,0x00000000d64794d8,0x00000000d6480000)
  to   space 9728K, 0% used [0x00000000d6980000,0x00000000d6980000,0x00000000d7300000)
 ParOldGen       total 1275904K, used 1275731K [0x0000000080000000, 0x00000000cde00000, 0x00000000d5580000)
  object space 1275904K, 99% used [0x0000000080000000,0x00000000cddd4cd8,0x00000000cde00000)
 Metaspace       used 94885K, committed 96640K, reserved 1179648K
  class space    used 9314K, committed 10048K, reserved 1048576K
}
Event: 68504.148 GC heap after
{Heap after GC invocations=5632 (full 11):
 PSYoungGen      total 19968K, used 9520K [0x00000000d5580000, 0x00000000d7400000, 0x0000000100000000)
  eden space 10240K, 0% used [0x00000000d5580000,0x00000000d5580000,0x00000000d5f80000)
  from space 9728K, 97% used [0x00000000d6980000,0x00000000d72cc000,0x00000000d7300000)
  to   space 10240K, 0% used [0x00000000d5f80000,0x00000000d5f80000,0x00000000d6980000)
 ParOldGen       total 1276928K, used 1276754K [0x0000000080000000, 0x00000000cdf00000, 0x00000000d5580000)
  object space 1276928K, 99% used [0x0000000080000000,0x00000000cded49a0,0x00000000cdf00000)
 Metaspace       used 94885K, committed 96640K, reserved 1179648K
  class space    used 9314K, committed 10048K, reserved 1048576K
}
Event: 68504.210 GC heap before
{Heap before GC invocations=5633 (full 11):
 PSYoungGen      total 19968K, used 19760K [0x00000000d5580000, 0x00000000d7400000, 0x0000000100000000)
  eden space 10240K, 100% used [0x00000000d5580000,0x00000000d5f80000,0x00000000d5f80000)
  from space 9728K, 97% used [0x00000000d6980000,0x00000000d72cc000,0x00000000d7300000)
  to   space 10240K, 0% used [0x00000000d5f80000,0x00000000d5f80000,0x00000000d6980000)
 ParOldGen       total 1276928K, used 1276754K [0x0000000080000000, 0x00000000cdf00000, 0x00000000d5580000)
  object space 1276928K, 99% used [0x0000000080000000,0x00000000cded49a0,0x00000000cdf00000)
 Metaspace       used 94885K, committed 96640K, reserved 1179648K
  class space    used 9314K, committed 10048K, reserved 1048576K
}
Event: 68504.224 GC heap after
{Heap after GC invocations=5633 (full 11):
 PSYoungGen      total 16896K, used 6583K [0x00000000d5580000, 0x00000000d6e80000, 0x0000000100000000)
  eden space 10240K, 0% used [0x00000000d5580000,0x00000000d5580000,0x00000000d5f80000)
  from space 6656K, 98% used [0x00000000d5f80000,0x00000000d65edfe0,0x00000000d6600000)
  to   space 7680K, 0% used [0x00000000d6700000,0x00000000d6700000,0x00000000d6e80000)
 ParOldGen       total 1287168K, used 1286874K [0x0000000080000000, 0x00000000ce900000, 0x00000000d5580000)
  object space 1287168K, 99% used [0x0000000080000000,0x00000000ce8b69a0,0x00000000ce900000)
 Metaspace       used 94885K, committed 96640K, reserved 1179648K
  class space    used 9314K, committed 10048K, reserved 1048576K
}
Event: 68504.272 GC heap before
{Heap before GC invocations=5634 (full 11):
 PSYoungGen      total 16896K, used 16823K [0x00000000d5580000, 0x00000000d6e80000, 0x0000000100000000)
  eden space 10240K, 100% used [0x00000000d5580000,0x00000000d5f80000,0x00000000d5f80000)
  from space 6656K, 98% used [0x00000000d5f80000,0x00000000d65edfe0,0x00000000d6600000)
  to   space 7680K, 0% used [0x00000000d6700000,0x00000000d6700000,0x00000000d6e80000)
 ParOldGen       total 1287168K, used 1286874K [0x0000000080000000, 0x00000000ce900000, 0x00000000d5580000)
  object space 1287168K, 99% used [0x0000000080000000,0x00000000ce8b69a0,0x00000000ce900000)
 Metaspace       used 94885K, committed 96640K, reserved 1179648K
  class space    used 9314K, committed 10048K, reserved 1048576K
}
Event: 68504.282 GC heap after
{Heap after GC invocations=5634 (full 11):
 PSYoungGen      total 11776K, used 1216K [0x00000000d5580000, 0x00000000d6880000, 0x0000000100000000)
  eden space 10240K, 0% used [0x00000000d5580000,0x00000000d5580000,0x00000000d5f80000)
  from space 1536K, 79% used [0x00000000d6700000,0x00000000d6830000,0x00000000d6880000)
  to   space 3584K, 0% used [0x00000000d6180000,0x00000000d6180000,0x00000000d6500000)
 ParOldGen       total 1293312K, used 1293236K [0x0000000080000000, 0x00000000cef00000, 0x00000000d5580000)
  object space 1293312K, 99% used [0x0000000080000000,0x00000000ceeed3c8,0x00000000cef00000)
 Metaspace       used 94885K, committed 96640K, reserved 1179648K
  class space    used 9314K, committed 10048K, reserved 1048576K
}
Event: 68504.323 GC heap before
{Heap before GC invocations=5635 (full 11):
 PSYoungGen      total 11776K, used 11456K [0x00000000d5580000, 0x00000000d6880000, 0x0000000100000000)
  eden space 10240K, 100% used [0x00000000d5580000,0x00000000d5f80000,0x00000000d5f80000)
  from space 1536K, 79% used [0x00000000d6700000,0x00000000d6830000,0x00000000d6880000)
  to   space 3584K, 0% used [0x00000000d6180000,0x00000000d6180000,0x00000000d6500000)
 ParOldGen       total 1293312K, used 1293236K [0x0000000080000000, 0x00000000cef00000, 0x00000000d5580000)
  object space 1293312K, 99% used [0x0000000080000000,0x00000000ceeed3c8,0x00000000cef00000)
 Metaspace       used 94885K, committed 96640K, reserved 1179648K
  class space    used 9314K, committed 10048K, reserved 1048576K
}
Event: 68504.332 GC heap after
{Heap after GC invocations=5635 (full 11):
 PSYoungGen      total 13824K, used 3582K [0x00000000d5580000, 0x00000000d7780000, 0x0000000100000000)
  eden space 10240K, 0% used [0x00000000d5580000,0x00000000d5580000,0x00000000d5f80000)
  from space 3584K, 99% used [0x00000000d6180000,0x00000000d64ff970,0x00000000d6500000)
  to   space 12288K, 0% used [0x00000000d6b80000,0x00000000d6b80000,0x00000000d7780000)
 ParOldGen       total 1300480K, used 1300142K [0x0000000080000000, 0x00000000cf600000, 0x00000000d5580000)
  object space 1300480K, 99% used [0x0000000080000000,0x00000000cf5abae8,0x00000000cf600000)
 Metaspace       used 94885K, committed 96640K, reserved 1179648K
  class space    used 9314K, committed 10048K, reserved 1048576K
}
Event: 68504.590 GC heap before
{Heap before GC invocations=5636 (full 11):
 PSYoungGen      total 13824K, used 13822K [0x00000000d5580000, 0x00000000d7780000, 0x0000000100000000)
  eden space 10240K, 100% used [0x00000000d5580000,0x00000000d5f80000,0x00000000d5f80000)
  from space 3584K, 99% used [0x00000000d6180000,0x00000000d64ff970,0x00000000d6500000)
  to   space 12288K, 0% used [0x00000000d6b80000,0x00000000d6b80000,0x00000000d7780000)
 ParOldGen       total 1308672K, used 1307822K [0x0000000080000000, 0x00000000cfe00000, 0x00000000d5580000)
  object space 1308672K, 99% used [0x0000000080000000,0x00000000cfd2baf8,0x00000000cfe00000)
 Metaspace       used 94885K, committed 96640K, reserved 1179648K
  class space    used 9314K, committed 10048K, reserved 1048576K
}
Event: 68504.603 GC heap after
{Heap after GC invocations=5636 (full 11):
 PSYoungGen      total 14848K, used 4390K [0x00000000d5580000, 0x00000000d7000000, 0x0000000100000000)
  eden space 10240K, 0% used [0x00000000d5580000,0x00000000d5580000,0x00000000d5f80000)
  from space 4608K, 95% used [0x00000000d6b80000,0x00000000d6fc9b00,0x00000000d7000000)
  to   space 6656K, 0% used [0x00000000d6300000,0x00000000d6300000,0x00000000d6980000)
 ParOldGen       total 1311744K, used 1311289K [0x0000000080000000, 0x00000000d0100000, 0x00000000d5580000)
  object space 1311744K, 99% used [0x0000000080000000,0x00000000d008e6a0,0x00000000d0100000)
 Metaspace       used 94885K, committed 96640K, reserved 1179648K
  class space    used 9314K, committed 10048K, reserved 1048576K
}

