# JRE version: OpenJDK Runtime Environment Temurin-21.0.9+10 (21.0.9+10) (build 21.0.9+10-LTS)
# Java VM: OpenJDK 64-Bit Server VM Temurin-21.0.9+10 (21.0.9+10-LTS, mixed mode, sharing, tiered, compressed oops, compressed class ptrs, parallel gc, windows-amd64)
GC Precious Log:
 CardTable entry size: 512
 CPUs: 8 total, 8 available
 Memory: 7379M
 Large Page Support: Disabled
 NUMA Support: Disabled
 Compressed Oops: Enabled (32-bit)
 Alignments: Space 512K, Generation 512K, Heap 2M
 Heap Min Capacity: 100M
 Heap Initial Capacity: 100M
 Heap Max Capacity: 2G
 Pre-touch: Disabled
 Parallel Workers: 8
Heap:
 PSYoungGen      total 14848K, used 14269K [0x00000000d5580000, 0x00000000d6f00000, 0x0000000100000000)
  eden space 9728K, 100% used [0x00000000d5580000,0x00000000d5f00000,0x00000000d5f00000)
  from space 5120K, 88% used [0x00000000d5f00000,0x00000000d636f780,0x00000000d6400000)
  to   space 7168K, 9% used [0x00000000d6800000,0x00000000d68af148,0x00000000d6f00000)
 ParOldGen       total 1017856K, used 1017854K [0x0000000080000000, 0x00000000be200000, 0x00000000d5580000)
  object space 1017856K, 99% used [0x0000000080000000,0x00000000be1ffbf0,0x00000000be200000)
 Metaspace       used 100359K, committed 102336K, reserved 1179648K
  class space    used 10152K, committed 11008K, reserved 1048576K
GC Heap History (20 events):
Event: 6983.482 GC heap after
{Heap after GC invocations=3571 (full 8):
 PSYoungGen      total 7168K, used 762K [0x00000000d5580000, 0x00000000d5f80000, 0x0000000100000000)
  eden space 6144K, 0% used [0x00000000d5580000,0x00000000d5580000,0x00000000d5b80000)
  from space 1024K, 74% used [0x00000000d5e80000,0x00000000d5f3eaf8,0x00000000d5f80000)
  to   space 1024K, 0% used [0x00000000d5d80000,0x00000000d5d80000,0x00000000d5e80000)
 ParOldGen       total 989184K, used 988690K [0x0000000080000000, 0x00000000bc600000, 0x00000000d5580000)
  object space 989184K, 99% used [0x0000000080000000,0x00000000bc584960,0x00000000bc600000)
 Metaspace       used 100345K, committed 102336K, reserved 1179648K
  class space    used 10152K, committed 11008K, reserved 1048576K
}
Event: 6983.502 GC heap before
{Heap before GC invocations=3572 (full 8):
 PSYoungGen      total 7168K, used 6906K [0x00000000d5580000, 0x00000000d5f80000, 0x0000000100000000)
  eden space 6144K, 100% used [0x00000000d5580000,0x00000000d5b80000,0x00000000d5b80000)
  from space 1024K, 74% used [0x00000000d5e80000,0x00000000d5f3eaf8,0x00000000d5f80000)
  to   space 1024K, 0% used [0x00000000d5d80000,0x00000000d5d80000,0x00000000d5e80000)
 ParOldGen       total 989184K, used 988690K [0x0000000080000000, 0x00000000bc600000, 0x00000000d5580000)
  object space 989184K, 99% used [0x0000000080000000,0x00000000bc584960,0x00000000bc600000)
 Metaspace       used 100345K, committed 102336K, reserved 1179648K
  class space    used 10152K, committed 11008K, reserved 1048576K
}
Event: 6983.508 GC heap after
{Heap after GC invocations=3572 (full 8):
 PSYoungGen      total 7168K, used 960K [0x00000000d5580000, 0x00000000d5f00000, 0x0000000100000000)
  eden space 6144K, 0% used [0x00000000d5580000,0x00000000d5580000,0x00000000d5b80000)
  from space 1024K, 93% used [0x00000000d5d80000,0x00000000d5e70000,0x00000000d5e80000)
  to   space 512K, 0% used [0x00000000d5e80000,0x00000000d5e80000,0x00000000d5f00000)
 ParOldGen       total 989696K, used 989397K [0x0000000080000000, 0x00000000bc680000, 0x00000000d5580000)
  object space 989696K, 99% used [0x0000000080000000,0x00000000bc635458,0x00000000bc680000)
 Metaspace       used 100345K, committed 102336K, reserved 1179648K
  class space    used 10152K, committed 11008K, reserved 1048576K
}
Event: 6983.514 GC heap before
{Heap before GC invocations=3573 (full 8):
 PSYoungGen      total 7168K, used 7104K [0x00000000d5580000, 0x00000000d5f00000, 0x0000000100000000)
  eden space 6144K, 100% used [0x00000000d5580000,0x00000000d5b80000,0x00000000d5b80000)
  from space 1024K, 93% used [0x00000000d5d80000,0x00000000d5e70000,0x00000000d5e80000)
  to   space 512K, 0% used [0x00000000d5e80000,0x00000000d5e80000,0x00000000d5f00000)
 ParOldGen       total 989696K, used 989397K [0x0000000080000000, 0x00000000bc680000, 0x00000000d5580000)
  object space 989696K, 99% used [0x0000000080000000,0x00000000bc635458,0x00000000bc680000)
 Metaspace       used 100345K, committed 102336K, reserved 1179648K
  class space    used 10152K, committed 11008K, reserved 1048576K
}
Event: 6983.519 GC heap after
{Heap after GC invocations=3573 (full 8):
 PSYoungGen      total 6144K, used 489K [0x00000000d5580000, 0x00000000d6400000, 0x0000000100000000)
  eden space 5632K, 0% used [0x00000000d5580000,0x00000000d5580000,0x00000000d5b00000)
  from space 512K, 95% used [0x00000000d5e80000,0x00000000d5efa470,0x00000000d5f00000)
  to   space 3584K, 0% used [0x00000000d5b00000,0x00000000d5b00000,0x00000000d5e80000)
 ParOldGen       total 992256K, used 991836K [0x0000000080000000, 0x00000000bc900000, 0x00000000d5580000)
  object space 992256K, 99% used [0x0000000080000000,0x00000000bc8973c8,0x00000000bc900000)
 Metaspace       used 100345K, committed 102336K, reserved 1179648K
  class space    used 10152K, committed 11008K, reserved 1048576K
}
Event: 6983.530 GC heap before
{Heap before GC invocations=3574 (full 8):
 PSYoungGen      total 6144K, used 6121K [0x00000000d5580000, 0x00000000d6400000, 0x0000000100000000)
  eden space 5632K, 99% used [0x00000000d5580000,0x00000000d5afffe8,0x00000000d5b00000)
  from space 512K, 95% used [0x00000000d5e80000,0x00000000d5efa470,0x00000000d5f00000)
  to   space 3584K, 0% used [0x00000000d5b00000,0x00000000d5b00000,0x00000000d5e80000)
 ParOldGen       total 992256K, used 991836K [0x0000000080000000, 0x00000000bc900000, 0x00000000d5580000)
  object space 992256K, 99% used [0x0000000080000000,0x00000000bc8973c8,0x00000000bc900000)
 Metaspace       used 100349K, committed 102336K, reserved 1179648K
  class space    used 10152K, committed 11008K, reserved 1048576K
}
Event: 6983.535 GC heap after
{Heap after GC invocations=3574 (full 8):
 PSYoungGen      total 9216K, used 3296K [0x00000000d5580000, 0x00000000d6380000, 0x0000000100000000)
  eden space 5632K, 0% used [0x00000000d5580000,0x00000000d5580000,0x00000000d5b00000)
  from space 3584K, 91% used [0x00000000d5b00000,0x00000000d5e38000,0x00000000d5e80000)
  to   space 3584K, 0% used [0x00000000d6000000,0x00000000d6000000,0x00000000d6380000)
 ParOldGen       total 992768K, used 992350K [0x0000000080000000, 0x00000000bc980000, 0x00000000d5580000)
  object space 992768K, 99% used [0x0000000080000000,0x00000000bc917838,0x00000000bc980000)
 Metaspace       used 100349K, committed 102336K, reserved 1179648K
  class space    used 10152K, committed 11008K, reserved 1048576K
}
Event: 6983.542 GC heap before
{Heap before GC invocations=3575 (full 8):
 PSYoungGen      total 9216K, used 8864K [0x00000000d5580000, 0x00000000d6380000, 0x0000000100000000)
  eden space 5632K, 98% used [0x00000000d5580000,0x00000000d5af0128,0x00000000d5b00000)
  from space 3584K, 91% used [0x00000000d5b00000,0x00000000d5e38000,0x00000000d5e80000)
  to   space 3584K, 0% used [0x00000000d6000000,0x00000000d6000000,0x00000000d6380000)
 ParOldGen       total 992768K, used 992350K [0x0000000080000000, 0x00000000bc980000, 0x00000000d5580000)
  object space 992768K, 99% used [0x0000000080000000,0x00000000bc917838,0x00000000bc980000)
 Metaspace       used 100357K, committed 102336K, reserved 1179648K
  class space    used 10152K, committed 11008K, reserved 1048576K
}
Event: 6983.548 GC heap after
{Heap after GC invocations=3575 (full 8):
 PSYoungGen      total 9216K, used 1729K [0x00000000d5580000, 0x00000000d6200000, 0x0000000100000000)
  eden space 7168K, 0% used [0x00000000d5580000,0x00000000d5580000,0x00000000d5c80000)
  from space 2048K, 84% used [0x00000000d6000000,0x00000000d61b05e0,0x00000000d6200000)
  to   space 2560K, 0% used [0x00000000d5d00000,0x00000000d5d00000,0x00000000d5f80000)
 ParOldGen       total 995840K, used 995410K [0x0000000080000000, 0x00000000bcc80000, 0x00000000d5580000)
  object space 995840K, 99% used [0x0000000080000000,0x00000000bcc14b90,0x00000000bcc80000)
 Metaspace       used 100357K, committed 102336K, reserved 1179648K
  class space    used 10152K, committed 11008K, reserved 1048576K
}
Event: 6983.564 GC heap before
{Heap before GC invocations=3576 (full 8):
 PSYoungGen      total 9216K, used 8897K [0x00000000d5580000, 0x00000000d6200000, 0x0000000100000000)
  eden space 7168K, 100% used [0x00000000d5580000,0x00000000d5c80000,0x00000000d5c80000)
  from space 2048K, 84% used [0x00000000d6000000,0x00000000d61b05e0,0x00000000d6200000)
  to   space 2560K, 0% used [0x00000000d5d00000,0x00000000d5d00000,0x00000000d5f80000)
 ParOldGen       total 995840K, used 995410K [0x0000000080000000, 0x00000000bcc80000, 0x00000000d5580000)
  object space 995840K, 99% used [0x0000000080000000,0x00000000bcc14b90,0x00000000bcc80000)
 Metaspace       used 100357K, committed 102336K, reserved 1179648K
  class space    used 10152K, committed 11008K, reserved 1048576K
}
Event: 6983.570 GC heap after
{Heap after GC invocations=3576 (full 8):
 PSYoungGen      total 10240K, used 2555K [0x00000000d5580000, 0x00000000d6a00000, 0x0000000100000000)
  eden space 7680K, 0% used [0x00000000d5580000,0x00000000d5580000,0x00000000d5d00000)
  from space 2560K, 99% used [0x00000000d5d00000,0x00000000d5f7ef08,0x00000000d5f80000)
  to   space 6144K, 0% used [0x00000000d6400000,0x00000000d6400000,0x00000000d6a00000)
 ParOldGen       total 998400K, used 998009K [0x0000000080000000, 0x00000000bcf00000, 0x00000000d5580000)
  object space 998400K, 99% used [0x0000000080000000,0x00000000bce9e4f8,0x00000000bcf00000)
 Metaspace       used 100357K, committed 102336K, reserved 1179648K
  class space    used 10152K, committed 11008K, reserved 1048576K
}
Event: 6983.638 GC heap before
{Heap before GC invocations=3577 (full 8):
 PSYoungGen      total 10240K, used 10235K [0x00000000d5580000, 0x00000000d6a00000, 0x0000000100000000)
  eden space 7680K, 100% used [0x00000000d5580000,0x00000000d5d00000,0x00000000d5d00000)
  from space 2560K, 99% used [0x00000000d5d00000,0x00000000d5f7ef08,0x00000000d5f80000)
  to   space 6144K, 0% used [0x00000000d6400000,0x00000000d6400000,0x00000000d6a00000)
 ParOldGen       total 998400K, used 998009K [0x0000000080000000, 0x00000000bcf00000, 0x00000000d5580000)
  object space 998400K, 99% used [0x0000000080000000,0x00000000bce9e4f8,0x00000000bcf00000)
 Metaspace       used 100357K, committed 102336K, reserved 1179648K
  class space    used 10152K, committed 11008K, reserved 1048576K
}
Event: 6983.649 GC heap after
{Heap after GC invocations=3577 (full 8):
 PSYoungGen      total 14336K, used 4692K [0x00000000d5580000, 0x00000000d6900000, 0x0000000100000000)
  eden space 9216K, 0% used [0x00000000d5580000,0x00000000d5580000,0x00000000d5e80000)
  from space 5120K, 91% used [0x00000000d6400000,0x00000000d6895000,0x00000000d6900000)
  to   space 5120K, 0% used [0x00000000d5f00000,0x00000000d5f00000,0x00000000d6400000)
 ParOldGen       total 1000960K, used 1000560K [0x0000000080000000, 0x00000000bd180000, 0x00000000d5580000)
  object space 1000960K, 99% used [0x0000000080000000,0x00000000bd11c000,0x00000000bd180000)
 Metaspace       used 100357K, committed 102336K, reserved 1179648K
  class space    used 10152K, committed 11008K, reserved 1048576K
}
Event: 6983.684 GC heap before
{Heap before GC invocations=3578 (full 8):
 PSYoungGen      total 14336K, used 13908K [0x00000000d5580000, 0x00000000d6900000, 0x0000000100000000)
  eden space 9216K, 100% used [0x00000000d5580000,0x00000000d5e80000,0x00000000d5e80000)
  from space 5120K, 91% used [0x00000000d6400000,0x00000000d6895000,0x00000000d6900000)
  to   space 5120K, 0% used [0x00000000d5f00000,0x00000000d5f00000,0x00000000d6400000)
 ParOldGen       total 1000960K, used 1000560K [0x0000000080000000, 0x00000000bd180000, 0x00000000d5580000)
  object space 1000960K, 99% used [0x0000000080000000,0x00000000bd11c000,0x00000000bd180000)
 Metaspace       used 100357K, committed 102336K, reserved 1179648K
  class space    used 10152K, committed 11008K, reserved 1048576K
}
Event: 6983.694 GC heap after
{Heap after GC invocations=3578 (full 8):
 PSYoungGen      total 14848K, used 4352K [0x00000000d5580000, 0x00000000d6980000, 0x0000000100000000)
  eden space 9728K, 0% used [0x00000000d5580000,0x00000000d5580000,0x00000000d5f00000)
  from space 5120K, 85% used [0x00000000d5f00000,0x00000000d6340020,0x00000000d6400000)
  to   space 4608K, 0% used [0x00000000d6500000,0x00000000d6500000,0x00000000d6980000)
 ParOldGen       total 1005568K, used 1005180K [0x0000000080000000, 0x00000000bd600000, 0x00000000d5580000)
  object space 1005568K, 99% used [0x0000000080000000,0x00000000bd59f000,0x00000000bd600000)
 Metaspace       used 100357K, committed 102336K, reserved 1179648K
  class space    used 10152K, committed 11008K, reserved 1048576K
}
Event: 6983.723 GC heap before
{Heap before GC invocations=3579 (full 8):
 PSYoungGen      total 14848K, used 14049K [0x00000000d5580000, 0x00000000d6980000, 0x0000000100000000)
  eden space 9728K, 99% used [0x00000000d5580000,0x00000000d5ef8748,0x00000000d5f00000)
  from space 5120K, 85% used [0x00000000d5f00000,0x00000000d6340020,0x00000000d6400000)
  to   space 4608K, 0% used [0x00000000d6500000,0x00000000d6500000,0x00000000d6980000)
 ParOldGen       total 1005568K, used 1005180K [0x0000000080000000, 0x00000000bd600000, 0x00000000d5580000)
  object space 1005568K, 99% used [0x0000000080000000,0x00000000bd59f000,0x00000000bd600000)
 Metaspace       used 100357K, committed 102336K, reserved 1179648K
  class space    used 10152K, committed 11008K, reserved 1048576K
}
Event: 6984.762 GC heap after
{Heap after GC invocations=3579 (full 8):
 PSYoungGen      total 14336K, used 4602K [0x00000000d5580000, 0x00000000d6980000, 0x0000000100000000)
  eden space 9728K, 0% used [0x00000000d5580000,0x00000000d5580000,0x00000000d5f00000)
  from space 4608K, 99% used [0x00000000d6500000,0x00000000d697e8b8,0x00000000d6980000)
  to   space 5120K, 0% used [0x00000000d5f00000,0x00000000d5f00000,0x00000000d6400000)
 ParOldGen       total 1012736K, used 1012328K [0x0000000080000000, 0x00000000bdd00000, 0x00000000d5580000)
  object space 1012736K, 99% used [0x0000000080000000,0x00000000bdc9a358,0x00000000bdd00000)
 Metaspace       used 100357K, committed 102336K, reserved 1179648K
  class space    used 10152K, committed 11008K, reserved 1048576K
}
Event: 6984.868 GC heap before
{Heap before GC invocations=3580 (full 8):
 PSYoungGen      total 14336K, used 14330K [0x00000000d5580000, 0x00000000d6980000, 0x0000000100000000)
  eden space 9728K, 100% used [0x00000000d5580000,0x00000000d5f00000,0x00000000d5f00000)
  from space 4608K, 99% used [0x00000000d6500000,0x00000000d697e8b8,0x00000000d6980000)
  to   space 5120K, 0% used [0x00000000d5f00000,0x00000000d5f00000,0x00000000d6400000)
 ParOldGen       total 1012736K, used 1012328K [0x0000000080000000, 0x00000000bdd00000, 0x00000000d5580000)
  object space 1012736K, 99% used [0x0000000080000000,0x00000000bdc9a358,0x00000000bdd00000)
 Metaspace       used 100357K, committed 102336K, reserved 1179648K
  class space    used 10152K, committed 11008K, reserved 1048576K
}
Event: 6984.876 GC heap after
{Heap after GC invocations=3580 (full 8):
 PSYoungGen      total 14848K, used 4541K [0x00000000d5580000, 0x00000000d6f00000, 0x0000000100000000)
  eden space 9728K, 0% used [0x00000000d5580000,0x00000000d5580000,0x00000000d5f00000)
  from space 5120K, 88% used [0x00000000d5f00000,0x00000000d636f780,0x00000000d6400000)
  to   space 7168K, 0% used [0x00000000d6800000,0x00000000d6800000,0x00000000d6f00000)
 ParOldGen       total 1017344K, used 1016919K [0x0000000080000000, 0x00000000be180000, 0x00000000d5580000)
  object space 1017344K, 99% used [0x0000000080000000,0x00000000be115d78,0x00000000be180000)
 Metaspace       used 100357K, committed 102336K, reserved 1179648K
  class space    used 10152K, committed 11008K, reserved 1048576K
}
Event: 6985.890 GC heap before
{Heap before GC invocations=3581 (full 8):
 PSYoungGen      total 14848K, used 14269K [0x00000000d5580000, 0x00000000d6f00000, 0x0000000100000000)
  eden space 9728K, 100% used [0x00000000d5580000,0x00000000d5f00000,0x00000000d5f00000)
  from space 5120K, 88% used [0x00000000d5f00000,0x00000000d636f780,0x00000000d6400000)
  to   space 7168K, 0% used [0x00000000d6800000,0x00000000d6800000,0x00000000d6f00000)
 ParOldGen       total 1017856K, used 1017346K [0x0000000080000000, 0x00000000be200000, 0x00000000d5580000)
  object space 1017856K, 99% used [0x0000000080000000,0x00000000be1809f8,0x00000000be200000)
 Metaspace       used 100359K, committed 102336K, reserved 1179648K
  class space    used 10152K, committed 11008K, reserved 1048576K
}

