# JRE version: OpenJDK Runtime Environment Temurin-21.0.9+10 (21.0.9+10) (build 21.0.9+10-LTS)
# Java VM: OpenJDK 64-Bit Server VM Temurin-21.0.9+10 (21.0.9+10-LTS, mixed mode, emulated-client, sharing, tiered, compressed oops, compressed class ptrs, g1 gc, windows-amd64)
GC Precious Log:
 CardTable entry size: 512
 Card Set container configuration: InlinePtr #cards 5 size 8 Array Of Cards #cards 12 size 40 Howl #buckets 4 coarsen threshold 1843 Howl Bitmap #cards 512 size 80 coarsen threshold 460 Card regions per heap region 1 cards per card region 2048
 CPUs: 8 total, 8 available
 Memory: 7379M
 Large Page Support: Disabled
 NUMA Support: Disabled
 Compressed Oops: Enabled (32-bit)
 Heap Region Size: 1M
 Heap Min Capacity: 8M
 Heap Initial Capacity: 116M
 Heap Max Capacity: 1846M
 Pre-touch: Disabled
 Parallel Workers: 8
 Concurrent Workers: 2
 Concurrent Refinement Workers: 8
 Periodic GC: Disabled
Heap:
 garbage-first heap   total 61440K, used 39874K [0x000000008ca00000, 0x0000000100000000)
  region size 1024K, 4 young (4096K), 1 survivors (1024K)
 Metaspace       used 86038K, committed 86784K, reserved 1179648K
  class space    used 12379K, committed 12672K, reserved 1048576K
GC Heap History (20 events):
Event: 6.641 GC heap after
{Heap after GC invocations=7 (full 0):
 garbage-first heap   total 61440K, used 22257K [0x000000008ca00000, 0x0000000100000000)
  region size 1024K, 3 young (3072K), 3 survivors (3072K)
 Metaspace       used 35534K, committed 36096K, reserved 1114112K
  class space    used 5099K, committed 5376K, reserved 1048576K
}
Event: 7.667 GC heap before
{Heap before GC invocations=8 (full 0):
 garbage-first heap   total 61440K, used 50929K [0x000000008ca00000, 0x0000000100000000)
  region size 1024K, 31 young (31744K), 3 survivors (3072K)
 Metaspace       used 41584K, committed 42176K, reserved 1114112K
  class space    used 6278K, committed 6528K, reserved 1048576K
}
Event: 7.670 GC heap after
{Heap after GC invocations=9 (full 0):
 garbage-first heap   total 61440K, used 23874K [0x000000008ca00000, 0x0000000100000000)
  region size 1024K, 4 young (4096K), 4 survivors (4096K)
 Metaspace       used 41584K, committed 42176K, reserved 1114112K
  class space    used 6278K, committed 6528K, reserved 1048576K
}
Event: 9.243 GC heap before
{Heap before GC invocations=9 (full 0):
 garbage-first heap   total 61440K, used 50498K [0x000000008ca00000, 0x0000000100000000)
  region size 1024K, 31 young (31744K), 4 survivors (4096K)
 Metaspace       used 52531K, committed 53120K, reserved 1114112K
  class space    used 7605K, committed 7872K, reserved 1048576K
}
Event: 9.248 GC heap after
{Heap after GC invocations=10 (full 0):
 garbage-first heap   total 61440K, used 26200K [0x000000008ca00000, 0x0000000100000000)
  region size 1024K, 4 young (4096K), 4 survivors (4096K)
 Metaspace       used 52531K, committed 53120K, reserved 1114112K
  class space    used 7605K, committed 7872K, reserved 1048576K
}
Event: 10.082 GC heap before
{Heap before GC invocations=10 (full 0):
 garbage-first heap   total 61440K, used 49752K [0x000000008ca00000, 0x0000000100000000)
  region size 1024K, 29 young (29696K), 4 survivors (4096K)
 Metaspace       used 59776K, committed 60416K, reserved 1114112K
  class space    used 8589K, committed 8896K, reserved 1048576K
}
Event: 10.086 GC heap after
{Heap after GC invocations=11 (full 0):
 garbage-first heap   total 61440K, used 27794K [0x000000008ca00000, 0x0000000100000000)
  region size 1024K, 2 young (2048K), 2 survivors (2048K)
 Metaspace       used 59776K, committed 60416K, reserved 1114112K
  class space    used 8589K, committed 8896K, reserved 1048576K
}
Event: 11.203 GC heap before
{Heap before GC invocations=12 (full 0):
 garbage-first heap   total 61440K, used 53394K [0x000000008ca00000, 0x0000000100000000)
  region size 1024K, 27 young (27648K), 2 survivors (2048K)
 Metaspace       used 65740K, committed 66368K, reserved 1114112K
  class space    used 9592K, committed 9856K, reserved 1048576K
}
Event: 11.206 GC heap after
{Heap after GC invocations=13 (full 0):
 garbage-first heap   total 61440K, used 28929K [0x000000008ca00000, 0x0000000100000000)
  region size 1024K, 3 young (3072K), 3 survivors (3072K)
 Metaspace       used 65740K, committed 66368K, reserved 1114112K
  class space    used 9592K, committed 9856K, reserved 1048576K
}
Event: 12.236 GC heap before
{Heap before GC invocations=13 (full 0):
 garbage-first heap   total 61440K, used 53505K [0x000000008ca00000, 0x0000000100000000)
  region size 1024K, 28 young (28672K), 3 survivors (3072K)
 Metaspace       used 71856K, committed 72512K, reserved 1114112K
  class space    used 10389K, committed 10688K, reserved 1048576K
}
Event: 12.241 GC heap after
{Heap after GC invocations=14 (full 0):
 garbage-first heap   total 61440K, used 30716K [0x000000008ca00000, 0x0000000100000000)
  region size 1024K, 4 young (4096K), 4 survivors (4096K)
 Metaspace       used 71856K, committed 72512K, reserved 1114112K
  class space    used 10389K, committed 10688K, reserved 1048576K
}
Event: 13.249 GC heap before
{Heap before GC invocations=14 (full 0):
 garbage-first heap   total 61440K, used 53244K [0x000000008ca00000, 0x0000000100000000)
  region size 1024K, 27 young (27648K), 4 survivors (4096K)
 Metaspace       used 78202K, committed 78912K, reserved 1179648K
  class space    used 11284K, committed 11584K, reserved 1048576K
}
Event: 13.257 GC heap after
{Heap after GC invocations=15 (full 0):
 garbage-first heap   total 61440K, used 32590K [0x000000008ca00000, 0x0000000100000000)
  region size 1024K, 3 young (3072K), 3 survivors (3072K)
 Metaspace       used 78202K, committed 78912K, reserved 1179648K
  class space    used 11284K, committed 11584K, reserved 1048576K
}
Event: 14.304 GC heap before
{Heap before GC invocations=15 (full 0):
 garbage-first heap   total 61440K, used 53070K [0x000000008ca00000, 0x0000000100000000)
  region size 1024K, 24 young (24576K), 3 survivors (3072K)
 Metaspace       used 83028K, committed 83712K, reserved 1179648K
  class space    used 11856K, committed 12160K, reserved 1048576K
}
Event: 14.309 GC heap after
{Heap after GC invocations=16 (full 0):
 garbage-first heap   total 61440K, used 34883K [0x000000008ca00000, 0x0000000100000000)
  region size 1024K, 3 young (3072K), 3 survivors (3072K)
 Metaspace       used 83028K, committed 83712K, reserved 1179648K
  class space    used 11856K, committed 12160K, reserved 1048576K
}
Event: 15.173 GC heap before
{Heap before GC invocations=17 (full 0):
 garbage-first heap   total 61440K, used 54339K [0x000000008ca00000, 0x0000000100000000)
  region size 1024K, 22 young (22528K), 3 survivors (3072K)
 Metaspace       used 85140K, committed 85888K, reserved 1179648K
  class space    used 12212K, committed 12544K, reserved 1048576K
}
Event: 15.177 GC heap after
{Heap after GC invocations=18 (full 0):
 garbage-first heap   total 61440K, used 37217K [0x000000008ca00000, 0x0000000100000000)
  region size 1024K, 3 young (3072K), 3 survivors (3072K)
 Metaspace       used 85140K, committed 85888K, reserved 1179648K
  class space    used 12212K, committed 12544K, reserved 1048576K
}
Event: 587.081 GC heap before
{Heap before GC invocations=18 (full 0):
 garbage-first heap   total 61440K, used 54625K [0x000000008ca00000, 0x0000000100000000)
  region size 1024K, 20 young (20480K), 3 survivors (3072K)
 Metaspace       used 85938K, committed 86720K, reserved 1179648K
  class space    used 12359K, committed 12672K, reserved 1048576K
}
Event: 587.122 GC heap after
{Heap after GC invocations=19 (full 0):
 garbage-first heap   total 61440K, used 37826K [0x000000008ca00000, 0x0000000100000000)
  region size 1024K, 1 young (1024K), 1 survivors (1024K)
 Metaspace       used 85938K, committed 86720K, reserved 1179648K
  class space    used 12359K, committed 12672K, reserved 1048576K
}
Event: 587.438 GC heap before
{Heap before GC invocations=19 (full 0):
 garbage-first heap   total 61440K, used 39874K [0x000000008ca00000, 0x0000000100000000)
  region size 1024K, 4 young (4096K), 1 survivors (1024K)
 Metaspace       used 86038K, committed 86784K, reserved 1179648K
  class space    used 12379K, committed 12672K, reserved 1048576K
}

