# JRE version: OpenJDK Runtime Environment Temurin-21.0.9+10 (21.0.9+10) (build 21.0.9+10-LTS)
# Java VM: OpenJDK 64-Bit Server VM Temurin-21.0.9+10 (21.0.9+10-LTS, mixed mode, emulated-client, sharing, tiered, compressed oops, compressed class ptrs, g1 gc, windows-amd64)
GC Precious Log:
 CardTable entry size: 512
 Card Set container configuration: InlinePtr #cards 5 size 8 Array Of Cards #cards 12 size 40 Howl #buckets 4 coarsen threshold 1843 Howl Bitmap #cards 512 size 80 coarsen threshold 460 Card regions per heap region 1 cards per card region 2048
 CPUs: 8 total, 8 available
 Memory: 7379M
 Large Page Support: Disabled
 NUMA Support: Disabled
 Compressed Oops: Enabled (32-bit)
 Heap Region Size: 1M
 Heap Min Capacity: 8M
 Heap Initial Capacity: 116M
 Heap Max Capacity: 1846M
 Pre-touch: Disabled
 Parallel Workers: 8
 Concurrent Workers: 2
 Concurrent Refinement Workers: 8
 Periodic GC: Disabled
Heap:
 garbage-first heap   total 126976K, used 45420K [0x000000008ca00000, 0x0000000100000000)
  region size 1024K, 11 young (11264K), 5 survivors (5120K)
 Metaspace       used 97296K, committed 98304K, reserved 1179648K
  class space    used 13860K, committed 14272K, reserved 1048576K
GC Heap History (20 events):
Event: 1773.945 GC heap after
{Heap after GC invocations=67 (full 14):
 garbage-first heap   total 119808K, used 34729K [0x000000008ca00000, 0x0000000100000000)
  region size 1024K, 0 young (0K), 0 survivors (0K)
 Metaspace       used 96147K, committed 97024K, reserved 1179648K
  class space    used 13774K, committed 14144K, reserved 1048576K
}
Event: 1775.362 GC heap before
{Heap before GC invocations=67 (full 14):
 garbage-first heap   total 119808K, used 100265K [0x000000008ca00000, 0x0000000100000000)
  region size 1024K, 65 young (66560K), 0 survivors (0K)
 Metaspace       used 96375K, committed 97280K, reserved 1179648K
  class space    used 13791K, committed 14144K, reserved 1048576K
}
Event: 1775.369 GC heap after
{Heap after GC invocations=68 (full 14):
 garbage-first heap   total 119808K, used 40873K [0x000000008ca00000, 0x0000000100000000)
  region size 1024K, 6 young (6144K), 6 survivors (6144K)
 Metaspace       used 96375K, committed 97280K, reserved 1179648K
  class space    used 13791K, committed 14144K, reserved 1048576K
}
Event: 1776.982 GC heap before
{Heap before GC invocations=69 (full 14):
 garbage-first heap   total 119808K, used 49065K [0x000000008ca00000, 0x0000000100000000)
  region size 1024K, 15 young (15360K), 6 survivors (6144K)
 Metaspace       used 96377K, committed 97280K, reserved 1179648K
  class space    used 13792K, committed 14144K, reserved 1048576K
}
Event: 1777.060 GC heap after
{Heap after GC invocations=70 (full 15):
 garbage-first heap   total 119808K, used 34946K [0x000000008ca00000, 0x0000000100000000)
  region size 1024K, 0 young (0K), 0 survivors (0K)
 Metaspace       used 96375K, committed 97280K, reserved 1179648K
  class space    used 13791K, committed 14144K, reserved 1048576K
}
Event: 1778.768 GC heap before
{Heap before GC invocations=70 (full 15):
 garbage-first heap   total 119808K, used 99458K [0x000000008ca00000, 0x0000000100000000)
  region size 1024K, 64 young (65536K), 0 survivors (0K)
 Metaspace       used 96603K, committed 97536K, reserved 1179648K
  class space    used 13808K, committed 14208K, reserved 1048576K
}
Event: 1778.782 GC heap after
{Heap after GC invocations=71 (full 15):
 garbage-first heap   total 162816K, used 41513K [0x000000008ca00000, 0x0000000100000000)
  region size 1024K, 7 young (7168K), 7 survivors (7168K)
 Metaspace       used 96603K, committed 97536K, reserved 1179648K
  class space    used 13808K, committed 14208K, reserved 1048576K
}
Event: 1780.445 GC heap before
{Heap before GC invocations=72 (full 15):
 garbage-first heap   total 147456K, used 52768K [0x000000008ca00000, 0x0000000100000000)
  region size 1024K, 19 young (19456K), 7 survivors (7168K)
 Metaspace       used 96606K, committed 97536K, reserved 1179648K
  class space    used 13808K, committed 14208K, reserved 1048576K
}
Event: 1780.520 GC heap after
{Heap after GC invocations=73 (full 16):
 garbage-first heap   total 126976K, used 35166K [0x000000008ca00000, 0x0000000100000000)
  region size 1024K, 0 young (0K), 0 survivors (0K)
 Metaspace       used 96603K, committed 97536K, reserved 1179648K
  class space    used 13808K, committed 14208K, reserved 1048576K
}
Event: 1782.021 GC heap before
{Heap before GC invocations=73 (full 16):
 garbage-first heap   total 126976K, used 104798K [0x000000008ca00000, 0x0000000100000000)
  region size 1024K, 69 young (70656K), 0 survivors (0K)
 Metaspace       used 96837K, committed 97792K, reserved 1179648K
  class space    used 13825K, committed 14208K, reserved 1048576K
}
Event: 1782.041 GC heap after
{Heap after GC invocations=74 (full 16):
 garbage-first heap   total 126976K, used 40706K [0x000000008ca00000, 0x0000000100000000)
  region size 1024K, 6 young (6144K), 6 survivors (6144K)
 Metaspace       used 96837K, committed 97792K, reserved 1179648K
  class space    used 13825K, committed 14208K, reserved 1048576K
}
Event: 1792.908 GC heap before
{Heap before GC invocations=75 (full 16):
 garbage-first heap   total 126976K, used 45826K [0x000000008ca00000, 0x0000000100000000)
  region size 1024K, 12 young (12288K), 6 survivors (6144K)
 Metaspace       used 96840K, committed 97792K, reserved 1179648K
  class space    used 13825K, committed 14208K, reserved 1048576K
}
Event: 1792.994 GC heap after
{Heap after GC invocations=76 (full 17):
 garbage-first heap   total 126976K, used 35385K [0x000000008ca00000, 0x0000000100000000)
  region size 1024K, 0 young (0K), 0 survivors (0K)
 Metaspace       used 96838K, committed 97792K, reserved 1179648K
  class space    used 13825K, committed 14208K, reserved 1048576K
}
Event: 1805.986 GC heap before
{Heap before GC invocations=76 (full 17):
 garbage-first heap   total 126976K, used 106041K [0x000000008ca00000, 0x0000000100000000)
  region size 1024K, 70 young (71680K), 0 survivors (0K)
 Metaspace       used 97065K, committed 97984K, reserved 1179648K
  class space    used 13842K, committed 14208K, reserved 1048576K
}
Event: 1805.993 GC heap after
{Heap after GC invocations=77 (full 17):
 garbage-first heap   total 126976K, used 40758K [0x000000008ca00000, 0x0000000100000000)
  region size 1024K, 6 young (6144K), 6 survivors (6144K)
 Metaspace       used 97065K, committed 97984K, reserved 1179648K
  class space    used 13842K, committed 14208K, reserved 1048576K
}
Event: 1806.155 GC heap before
{Heap before GC invocations=78 (full 17):
 garbage-first heap   total 126976K, used 43808K [0x000000008ca00000, 0x0000000100000000)
  region size 1024K, 10 young (10240K), 6 survivors (6144K)
 Metaspace       used 97065K, committed 97984K, reserved 1179648K
  class space    used 13842K, committed 14208K, reserved 1048576K
}
Event: 1806.242 GC heap after
{Heap after GC invocations=79 (full 18):
 garbage-first heap   total 126976K, used 35335K [0x000000008ca00000, 0x0000000100000000)
  region size 1024K, 0 young (0K), 0 survivors (0K)
 Metaspace       used 97065K, committed 97984K, reserved 1179648K
  class space    used 13842K, committed 14208K, reserved 1048576K
}
Event: 1810.434 GC heap before
{Heap before GC invocations=79 (full 18):
 garbage-first heap   total 126976K, used 105991K [0x000000008ca00000, 0x0000000100000000)
  region size 1024K, 70 young (71680K), 0 survivors (0K)
 Metaspace       used 97296K, committed 98304K, reserved 1179648K
  class space    used 13860K, committed 14272K, reserved 1048576K
}
Event: 1810.440 GC heap after
{Heap after GC invocations=80 (full 18):
 garbage-first heap   total 126976K, used 40455K [0x000000008ca00000, 0x0000000100000000)
  region size 1024K, 5 young (5120K), 5 survivors (5120K)
 Metaspace       used 97296K, committed 98304K, reserved 1179648K
  class space    used 13860K, committed 14272K, reserved 1048576K
}
Event: 1810.576 GC heap before
{Heap before GC invocations=81 (full 18):
 garbage-first heap   total 126976K, used 45420K [0x000000008ca00000, 0x0000000100000000)
  region size 1024K, 11 young (11264K), 5 survivors (5120K)
 Metaspace       used 97296K, committed 98304K, reserved 1179648K
  class space    used 13860K, committed 14272K, reserved 1048576K
}

